1642957996764:ls]
1642957998870:help
1642958003285:exit
1642958431041:help
1642958435247:open a
1642958732132:exit
1642958753546:open a
1642958902424:exit
1642959251696:open chess
1642959290326:exit
1642959429304:open chess
1642959466696:exit
1642959489019:open shess
1642959499163:open vim
1642959554597:exit
1642959601021:open shess
1642959607551:ps
1642959609887:ls
1642959611738:help
1642959790123:stacktrace
1642960531111:exit
1642960837020:echo
1642960840435:echo Ahmed
1642960887052:help
1642960901582:exit
1642960942772:help
1642960947986:echo
1642960952062:echo a
1642960954426:help
1642960964169:clear
1642960975844:exit
1642961014229:help
1642962045626:exit
1642962128322:echo a
1642962138360:stacktrace
1642962161778:echo a
1642962166174:exit
1642962187774:echo a
1642962294734:exit
1642962324754:echo test
1642962781327:exit
1642963022430:echo  a
1642977565408:exit
1643226379909:echo
1643226383781:echo Ahmed
1643226561568:exit
1643226570871:ip
1643226601170:exit
1643226699156:ip
1643227148140:exit
1643227157797:ip
1643227171122:stacktrace
1643227175083:help
1643227185935:ip
1643227223387:exit
1643227231842:ip
1643227281162:exit
1643227290033:ip
1643227348331:exit
1643227360109:ip
1643227482416:exit
1643227490033:ip
1643227576113:exit
1643227584564:ip
1643227599731:ls
1643227606972:stacktrace
1643228644985:exit
1643228668938:ip
1643228754516:exit
1643228763101:ip
1643228801245:exit
1643228809199:ip
1643229083286:exit
1643229091835:ip
1643229350088:exit
1643229359045:ip
1643229501909:exit
1643229510888:ip
1643229653680:exit
1643229668053:ip
1643229743176:exit
1643229752289:ip
1643229940447:exit
1643229951291:ip
1643239811052:exit
